[00:03:09] nuclei: /Users/zer0p0int/工具/nuclei (v3.9.0)
[00:03:09] 日志目录: /Users/zer0p0int/Desktop/wordpress漏洞环境自动化生成/logs/scan-20260701-000307
[00:03:09] 本次共 10 个环境 | 并行度: 4 | 重试: 2次/5s间隔
[00:03:09] 预构建: 否 | 续跑: 是
[00:03:09] 续跑模式：跳过已 PASS 的 CVE
[00:03:09] ━━━ 开始并行测试 (4 并发) ━━━
[00:03:09] [##----------------------]  10% (1/10)  CVE-2014-8799  :8097 [official]
[00:03:09] [####--------------------]  20% (2/10)  CVE-2015-2755  :8098 [official]
[00:03:09] [#######-----------------]  30% (3/10)  CVE-2021-24340  :8101 [official]
[00:03:09] [#########---------------]  40% (4/10)  CVE-2021-24731  :8102 [official]
[00:03:47] [############------------]  50% (5/10)  CVE-2021-25052  :8203 [official]
[00:03:47] [##############----------]  60% (6/10)  CVE-2022-0148  :8110 [official]
[00:03:50] [################--------]  70% (7/10)  CVE-2022-0169  :8103 [official]
[00:03:54] [###################-----]  80% (8/10)  CVE-2022-0220  :8187 [official]
[00:04:26] [#####################---]  90% (9/10)  CVE-2022-0250  :8204 [official]
[00:04:28] [########################] 100% (10/10)  CVE-2022-0533  :8190 [official]
[00:04:28] 等待剩余任务完成...
[00:05:10] ━━━ 汇总结果 ━━━
[00:05:10] PASS CVE-2014-8799    
[00:05:10] PASS CVE-2015-2755    
[00:05:10] PASS CVE-2021-24340    
[00:05:10] FAIL CVE-2021-24731
[00:05:10] FAIL CVE-2021-25052
[00:05:10] FAIL CVE-2022-0148
[00:05:10] PASS CVE-2022-0169    
[00:05:10] FAIL CVE-2022-0220
[00:05:10] FAIL CVE-2022-0250
[00:05:10] FAIL CVE-2022-0533

==================== 汇总 ====================
总计 10  |  PASS 4  FAIL 6  SKIP 0  ERROR 0
明细: /Users/zer0p0int/Desktop/wordpress漏洞环境自动化生成/logs/scan-20260701-000307/summary.txt
判定记录: /Users/zer0p0int/Desktop/wordpress漏洞环境自动化生成/logs/scan-20260701-000307/results.jsonl
原始 jsonl: /Users/zer0p0int/Desktop/wordpress漏洞环境自动化生成/logs/scan-20260701-000307/raw/
[00:05:10] 收到中断信号，清理已启动的容器...
[00:05:11]   已清理: CVE-2022-0250
