[09:46:12] nuclei: /Users/zer0p0int/工具/nuclei (v3.9.0)
[09:46:12] 日志目录: /Users/zer0p0int/Desktop/wordpress漏洞环境自动化生成/logs/scan-20260629-094609
[09:46:12] 本次共 113 个环境 | 并行度: 4 | 重试: 2次/5s间隔
[09:46:12] 预构建: 是 | 续跑: 否
[09:46:12] ━━━ 预构建基础镜像 ━━━
[09:46:12] 预构建基础镜像 (1): /Users/zer0p0int/Desktop/wordpress漏洞环境自动化生成/vulhub-env/base/dukapress/2.5.4
[09:46:12]   WARN: 预构建失败，运行时将自动构建
[09:46:12] 预构建基础镜像 (2): /Users/zer0p0int/Desktop/wordpress漏洞环境自动化生成/vulhub-env/base/ab-google-map-travel/3.4
[09:46:13]   WARN: 预构建失败，运行时将自动构建
[09:46:13] 预构建基础镜像 (3): /Users/zer0p0int/Desktop/wordpress漏洞环境自动化生成/vulhub-env/base/wp-statistics/13.0.7
[09:46:13]   WARN: 预构建失败，运行时将自动构建
[09:46:13] 预构建基础镜像 (4): /Users/zer0p0int/Desktop/wordpress漏洞环境自动化生成/vulhub-env/base/pie-register/3.7.1.5
[09:46:13]   WARN: 预构建失败，运行时将自动构建
[09:46:13] 预构建基础镜像 (5): /Users/zer0p0int/Desktop/wordpress漏洞环境自动化生成/vulhub-env/base/wordpress/6.4
[09:46:13]   WARN: 预构建失败，运行时将自动构建
[09:46:13] 预构建基础镜像 (6): /Users/zer0p0int/Desktop/wordpress漏洞环境自动化生成/vulhub-env/base/capability-manager-enhanced/2.3.0
[09:46:13]   WARN: 预构建失败，运行时将自动构建
[09:46:14] 预构建基础镜像 (7): /Users/zer0p0int/Desktop/wordpress漏洞环境自动化生成/vulhub-env/button-generation/CVE-2021-25052
[09:46:14]   WARN: 预构建失败，运行时将自动构建
[09:46:14] 预构建基础镜像 (8): /Users/zer0p0int/Desktop/wordpress漏洞环境自动化生成/vulhub-env/base/mystickyelements/2.0.3
[09:46:14]   WARN: 预构建失败，运行时将自动构建
[09:46:14] 预构建基础镜像 (9): /Users/zer0p0int/Desktop/wordpress漏洞环境自动化生成/vulhub-env/base/photo-gallery/1.5.87
[09:46:14]   WARN: 预构建失败，运行时将自动构建
[09:46:14] 预构建基础镜像 (10): /Users/zer0p0int/Desktop/wordpress漏洞环境自动化生成/vulhub-env/wpcf7-redirect/CVE-2022-0250
[09:46:15]   WARN: 预构建失败，运行时将自动构建
[09:46:15] 预构建基础镜像 (11): /Users/zer0p0int/Desktop/wordpress漏洞环境自动化生成/vulhub-env/ti-woocommerce-wishlist/CVE-2022-0412
[09:46:15]   WARN: 预构建失败，运行时将自动构建
[09:46:15] 预构建基础镜像 (12): /Users/zer0p0int/Desktop/wordpress漏洞环境自动化生成/vulhub-env/arprice-responsive-pricing-table/CVE-2022-0867
[09:46:15]   WARN: 预构建失败，运行时将自动构建
[09:46:15] 预构建基础镜像 (13): /Users/zer0p0int/Desktop/wordpress漏洞环境自动化生成/vulhub-env/base/simple-membership/4.1.0
[09:46:16]   WARN: 预构建失败，运行时将自动构建
[09:46:16] 预构建基础镜像 (14): /Users/zer0p0int/Desktop/wordpress漏洞环境自动化生成/vulhub-env/base/booking-calendar/3.2.0
[09:46:16]   WARN: 预构建失败，运行时将自动构建
[09:46:16] 预构建基础镜像 (15): /Users/zer0p0int/Desktop/wordpress漏洞环境自动化生成/vulhub-env/base/cryptocurrency-widgets-pack/1.8.1
[09:46:16]   WARN: 预构建失败，运行时将自动构建
[09:46:16] 预构建基础镜像 (16): /Users/zer0p0int/Desktop/wordpress漏洞环境自动化生成/vulhub-env/wd-google-maps/CVE-2023-0037
[09:46:16]   WARN: 预构建失败，运行时将自动构建
[09:46:16] 预构建基础镜像 (17): /Users/zer0p0int/Desktop/wordpress漏洞环境自动化生成/vulhub-env/base/paid-memberships-pro/2.9.7
[09:46:17]   WARN: 预构建失败，运行时将自动构建
[09:46:17] 预构建基础镜像 (18): /Users/zer0p0int/Desktop/wordpress漏洞环境自动化生成/vulhub-env/mstore-api/CVE-2023-2734
[09:46:17]   WARN: 预构建失败，运行时将自动构建
[09:46:17] 预构建基础镜像 (19): /Users/zer0p0int/Desktop/wordpress漏洞环境自动化生成/vulhub-env/quiz-master-next/CVE-2023-28787
[09:46:17]   WARN: 预构建失败，运行时将自动构建
[09:46:17] 预构建基础镜像 (20): /Users/zer0p0int/Desktop/wordpress漏洞环境自动化生成/vulhub-env/mstore-api/CVE-2023-3077
[09:46:17]   WARN: 预构建失败，运行时将自动构建
[09:46:17] 预构建基础镜像 (21): /Users/zer0p0int/Desktop/wordpress漏洞环境自动化生成/vulhub-env/ultimate-member/CVE-2023-3460
[09:46:18]   WARN: 预构建失败，运行时将自动构建
[09:46:18] 预构建基础镜像 (22): /Users/zer0p0int/Desktop/wordpress漏洞环境自动化生成/vulhub-env/forminator/CVE-2023-4596
[09:46:18]   WARN: 预构建失败，运行时将自动构建
[09:46:18] 预构建基础镜像 (23): /Users/zer0p0int/Desktop/wordpress漏洞环境自动化生成/vulhub-env/elementor/CVE-2023-48777
[09:46:18]   WARN: 预构建失败，运行时将自动构建
[09:46:18] 预构建基础镜像 (24): /Users/zer0p0int/Desktop/wordpress漏洞环境自动化生成/vulhub-env/base/my-calendar/3.4.0
[09:46:18]   WARN: 预构建失败，运行时将自动构建
[09:46:18] 预构建基础镜像 (25): /Users/zer0p0int/Desktop/wordpress漏洞环境自动化生成/vulhub-env/really-simple-ssl/CVE-2024-10924
[09:46:19]   WARN: 预构建失败，运行时将自动构建
[09:46:19] 预构建基础镜像 (26): /Users/zer0p0int/Desktop/wordpress漏洞环境自动化生成/vulhub-env/download-manager/CVE-2024-11740
[09:46:19]   WARN: 预构建失败，运行时将自动构建
[09:46:19] 预构建基础镜像 (27): /Users/zer0p0int/Desktop/wordpress漏洞环境自动化生成/vulhub-env/error-log-viewer/CVE-2024-12849
[09:46:19]   WARN: 预构建失败，运行时将自动构建
[09:46:19] 预构建基础镜像 (28): /Users/zer0p0int/Desktop/wordpress漏洞环境自动化生成/vulhub-env/base/gamipress/2.7.0
[09:46:19]   WARN: 预构建失败，运行时将自动构建
[09:46:19] 预构建基础镜像 (29): /Users/zer0p0int/Desktop/wordpress漏洞环境自动化生成/vulhub-env/notificationx/CVE-2024-1698
[09:46:20]   WARN: 预构建失败，运行时将自动构建
[09:46:20] 预构建基础镜像 (30): /Users/zer0p0int/Desktop/wordpress漏洞环境自动化生成/vulhub-env/base/instawp-connect/0.1.0.22
[09:46:20]   WARN: 预构建失败，运行时将自动构建
[09:46:20] 预构建基础镜像 (31): /Users/zer0p0int/Desktop/wordpress漏洞环境自动化生成/vulhub-env/base/email-subscribers/5.7.13
[09:46:20]   WARN: 预构建失败，运行时将自动构建
[09:46:20] 预构建基础镜像 (32): /Users/zer0p0int/Desktop/wordpress漏洞环境自动化生成/vulhub-env/base/ds-cf7-math-captcha/2.0.1
[09:46:20]   WARN: 预构建失败，运行时将自动构建
[09:46:20] 预构建基础镜像 (33): /Users/zer0p0int/Desktop/wordpress漏洞环境自动化生成/vulhub-env/base/wp-simple-firewall/20.0.5
[09:46:21]   WARN: 预构建失败，运行时将自动构建
[09:46:21] 预构建基础镜像 (34): /Users/zer0p0int/Desktop/wordpress漏洞环境自动化生成/vulhub-env/learnpress/CVE-2024-8522
[09:46:21]   WARN: 预构建失败，运行时将自动构建
[09:46:21] 预构建基础镜像 (35): /Users/zer0p0int/Desktop/wordpress漏洞环境自动化生成/vulhub-env/base/registrationmagic/6.0.7.1
[09:46:21]   WARN: 预构建失败，运行时将自动构建
[09:46:21] 预构建基础镜像 (36): /Users/zer0p0int/Desktop/wordpress漏洞环境自动化生成/vulhub-env/base/depicter/3.6.0
[09:46:21]   WARN: 预构建失败，运行时将自动构建
[09:46:22] 预构建基础镜像 (37): /Users/zer0p0int/Desktop/wordpress漏洞环境自动化生成/vulhub-env/newsletters-lite/CVE-2026-3018
[09:46:22]   WARN: 预构建失败，运行时将自动构建
[09:46:22] 预构建基础镜像 (38): /Users/zer0p0int/Desktop/wordpress漏洞环境自动化生成/vulhub-env/base/drag-and-drop-multiple-file-upload-contact-form-7/1.3.9.6
[09:46:22]   WARN: 预构建失败，运行时将自动构建
[09:46:22] 预构建基础镜像 (39): /Users/zer0p0int/Desktop/wordpress漏洞环境自动化生成/vulhub-env/base/highland-software-custom-role-manager/1.0.0
[09:46:22]   WARN: 预构建失败，运行时将自动构建
[09:46:22] 预构建基础镜像 (40): /Users/zer0p0int/Desktop/wordpress漏洞环境自动化生成/vulhub-env/base/wp-optimize/4.5.2
[09:46:22]   WARN: 预构建失败，运行时将自动构建
[09:46:22] 预构建基础镜像 (41): /Users/zer0p0int/Desktop/wordpress漏洞环境自动化生成/vulhub-env/base/easy-elements/1.4.4
[09:46:23]   WARN: 预构建失败，运行时将自动构建
[09:46:23] 预构建基础镜像 (42): /Users/zer0p0int/Desktop/wordpress漏洞环境自动化生成/vulhub-env/base/expand-maker/3.5.5
[09:46:23]   WARN: 预构建失败，运行时将自动构建
[09:46:23] 预构建基础镜像 (43): /Users/zer0p0int/Desktop/wordpress漏洞环境自动化生成/vulhub-env/base/import-users-from-csv-with-meta/2.0.8
[09:46:23]   WARN: 预构建失败，运行时将自动构建
[09:46:23] 预构建完成，共 43 个基础镜像
[09:46:23] ━━━ 开始并行测试 (4 并发) ━━━
[09:46:23] [------------------------]   0% (1/113)  CVE-2014-8799  :8097 [official]
[09:46:23] [------------------------]   1% (2/113)  CVE-2015-2755  :8098 [official]
[09:46:23] [------------------------]   2% (3/113)  CVE-2021-24340  :8101 [official]
[09:46:23] [------------------------]   3% (4/113)  CVE-2021-24731  :8102 [official]
[09:46:24] [#-----------------------]   4% (5/113)  CVE-2021-24931  :8089 [official]
[09:46:24] [#-----------------------]   5% (6/113)  CVE-2021-25032  :8093 [official]
[09:46:24] [#-----------------------]   6% (7/113)  CVE-2021-25052  :8203 [official]
[09:46:24] [#-----------------------]   7% (8/113)  CVE-2021-4436  :8095 [official]
[09:46:24] [#-----------------------]   7% (9/113)  CVE-2022-0148  :8110 [official]
[09:46:24] [##----------------------]   8% (10/113)  CVE-2022-0169  :8103 [official]
[09:46:24] [##----------------------]   9% (11/113)  CVE-2022-0188  :8186 [official]
[09:46:24] [##----------------------]  10% (12/113)  CVE-2022-0201  :8091 [official]
[09:46:25] [##----------------------]  11% (13/113)  CVE-2022-0220  :8187 [official]
[09:46:25] [##----------------------]  12% (14/113)  CVE-2022-0234  :8188 [official]
[09:46:25] [###---------------------]  13% (15/113)  CVE-2022-0250  :8204 [official]
[09:46:25] [###---------------------]  14% (16/113)  CVE-2022-0271  :8092 [official]
[09:46:26] [###---------------------]  15% (17/113)  CVE-2022-0412  :8205 [official]
[09:46:26] [###---------------------]  15% (18/113)  CVE-2022-0533  :8190 [official]
[09:46:26] [####--------------------]  16% (19/113)  CVE-2022-0591  :8191 [official]
[09:46:26] [####--------------------]  17% (20/113)  CVE-2022-0592  :8192 [official]
[09:46:26] [####--------------------]  18% (21/113)  CVE-2022-0651  :8193 [official]
[09:46:26] [####--------------------]  19% (22/113)  CVE-2022-0653  :8194 [official]
[09:46:26] [####--------------------]  20% (23/113)  CVE-2022-0783  :8195 [official]
[09:46:26] [#####-------------------]  21% (24/113)  CVE-2022-0786  :8160 [none]
[09:46:27] [#####-------------------]  22% (25/113)  CVE-2022-0867  :8196 [official]
[09:46:27] [#####-------------------]  23% (26/113)  CVE-2022-0952  :8094 [official]
[09:46:27] [#####-------------------]  23% (27/113)  CVE-2022-1029  :8197 [official]
[09:46:27] [#####-------------------]  24% (28/113)  CVE-2022-1119  :8137 [official]
[09:46:27] [######------------------]  25% (29/113)  CVE-2022-1221  :8198 [official]
[09:46:27] [######------------------]  26% (30/113)  CVE-2022-1390  :8199 [official]
[09:46:27] [######------------------]  27% (31/113)  CVE-2022-1580  :8200 [official]
[09:46:27] [######------------------]  28% (32/113)  CVE-2022-1724  :8111 [official]
[09:46:28] [#######-----------------]  29% (33/113)  CVE-2022-3982  :8108 [official]
[09:46:28] [#######-----------------]  30% (34/113)  CVE-2022-4059  :8104 [official]
[09:46:28] [#######-----------------]  30% (35/113)  CVE-2023-0037  :8207 [official]
[09:46:28] [#######-----------------]  31% (36/113)  CVE-2023-0159  :8134 [official]
[09:46:29] [#######-----------------]  32% (37/113)  CVE-2023-0600  :8133 [official]
[09:46:29] [########----------------]  33% (38/113)  CVE-2023-1020  :8135 [official]
[09:46:29] [########----------------]  34% (39/113)  CVE-2023-1893  :8131 [official]
[09:46:29] [########----------------]  35% (40/113)  CVE-2023-23488  :8090 [official]
[09:46:29] [########----------------]  36% (41/113)  CVE-2023-23489  :8150 [official]
[09:46:29] [########----------------]  37% (42/113)  CVE-2023-2732  :8138 [official]
[09:46:29] [#########---------------]  38% (43/113)  CVE-2023-2734  :8210 [official]
[09:46:29] [#########---------------]  38% (44/113)  CVE-2023-28662  :8151 [none]
[09:46:30] [#########---------------]  39% (45/113)  CVE-2023-28787  :8152 [official]
[09:46:30] [#########---------------]  40% (46/113)  CVE-2023-3077  :8211 [official]
[09:46:30] [#########---------------]  41% (47/113)  CVE-2023-32590  :8153 [official]
[09:46:30] [##########--------------]  42% (48/113)  CVE-2023-3452  :8154 [none]
[09:46:30] [##########--------------]  43% (49/113)  CVE-2023-3460  :8130 [official]
[09:46:30] [##########--------------]  44% (50/113)  CVE-2023-4490  :8155 [none]
[09:46:30] [##########--------------]  45% (51/113)  CVE-2023-4521  :8156 [none]
[09:46:31] [###########-------------]  46% (52/113)  CVE-2023-4596  :8157 [official]
[09:46:31] [###########-------------]  46% (53/113)  CVE-2023-48777  :8139 [official]
[09:46:31] [###########-------------]  47% (54/113)  CVE-2023-5360  :8140 [official]
[09:46:31] [###########-------------]  48% (55/113)  CVE-2023-5559  :8158 [none]
[09:46:31] [###########-------------]  49% (56/113)  CVE-2023-5652  :8159 [official]
[09:46:31] [############------------]  50% (57/113)  CVE-2023-6360  :8105 [official]
[09:46:31] [############------------]  51% (58/113)  CVE-2023-6553  :8129 [official]
[09:46:31] [############------------]  52% (59/113)  CVE-2024-0705  :8141 [none]
[09:46:32] [############------------]  53% (60/113)  CVE-2024-10400  :8143 [official]
[09:46:32] [############------------]  53% (61/113)  CVE-2024-10516  :8127 [official]
[09:46:32] [#############-----------]  54% (62/113)  CVE-2024-10571  :8121 [official]
[09:46:32] [#############-----------]  55% (63/113)  CVE-2024-10924  :8126 [official]
[09:46:32] [#############-----------]  56% (64/113)  CVE-2024-11728  :8144 [none]
[09:46:32] [#############-----------]  57% (65/113)  CVE-2024-11740  :8142 [official]
[09:46:32] [##############----------]  58% (66/113)  CVE-2024-11972  :8145 [official]
[09:46:32] [##############----------]  59% (67/113)  CVE-2024-12025  :8148 [official]
[09:46:32] [##############----------]  60% (68/113)  CVE-2024-12209  :8146 [none]
[09:46:33] [##############----------]  61% (69/113)  CVE-2024-12849  :8147 [official]
[09:46:33] [##############----------]  61% (70/113)  CVE-2024-13322  :8149 [none]
[09:46:33] [###############---------]  62% (71/113)  CVE-2024-13496  :8106 [official]
[09:46:33] [###############---------]  63% (72/113)  CVE-2024-1698  :8125 [official]
[09:46:33] [###############---------]  64% (73/113)  CVE-2024-2667  :8109 [official]
[09:46:34] [###############---------]  65% (74/113)  CVE-2024-2876  :8088 [official]
[09:46:34] [###############---------]  66% (75/113)  CVE-2024-30498  :8182 [official]
[09:46:34] [################--------]  67% (76/113)  CVE-2024-3495  :8180 [official]
[09:46:34] [################--------]  68% (77/113)  CVE-2024-3552  :8179 [official]
[09:46:34] [################--------]  69% (78/113)  CVE-2024-38773  :8183 [official]
[09:46:34] [################--------]  69% (79/113)  CVE-2024-5084  :8096 [official]
[09:46:34] [################--------]  70% (80/113)  CVE-2024-5522  :8124 [official]
[09:46:34] [#################-------]  71% (81/113)  CVE-2024-6028  :8181 [official]
[09:46:35] [#################-------]  72% (82/113)  CVE-2024-6517  :8113 [official]
[09:46:35] [#################-------]  73% (83/113)  CVE-2024-7313  :8100 [official]
[09:46:35] [#################-------]  74% (84/113)  CVE-2024-8522  :8122 [official]
[09:46:35] [##################------]  75% (85/113)  CVE-2024-8852  :8128 [official]
[09:46:35] [##################------]  76% (86/113)  CVE-2024-9047  :8123 [official]
[09:46:35] [##################------]  76% (87/113)  CVE-2025-1323  :8165 [official]
[09:46:35] [##################------]  77% (88/113)  CVE-2025-13801  :8174 [official]
[09:46:35] [##################------]  78% (89/113)  CVE-2025-14124  :8176 [official]
[09:46:36] [###################-----]  79% (90/113)  CVE-2025-15403  :8115 [none]
[09:46:36] [###################-----]  80% (91/113)  CVE-2025-1661  :8164 [official]
[09:46:36] [###################-----]  81% (92/113)  CVE-2025-2010  :8171 [official]
[09:46:36] [###################-----]  82% (93/113)  CVE-2025-2011  :8107 [official]
[09:46:36] [###################-----]  83% (94/113)  CVE-2025-2294  :8168 [official]
[09:46:37] [####################----]  84% (95/113)  CVE-2025-2539  :8163 [official]
[09:46:37] [####################----]  84% (96/113)  CVE-2025-2636  :8169 [official]
[09:46:37] [####################----]  85% (97/113)  CVE-2025-3102  :8173 [official]
[09:46:37] [####################----]  86% (98/113)  CVE-2025-34077  :8166 [official]
[09:46:37] [#####################---]  87% (99/113)  CVE-2025-34085  :8172 [official]
[09:46:37] [#####################---]  88% (100/113)  CVE-2025-4396  :8177 [official]
[09:46:37] [#####################---]  89% (101/113)  CVE-2025-47577  :8178 [official]
[09:46:37] [#####################---]  90% (102/113)  CVE-2025-5287  :8161 [official]
[09:46:38] [#####################---]  91% (103/113)  CVE-2025-6058  :8167 [official]
[09:46:38] [######################--]  92% (104/113)  CVE-2025-69411  :8162 [official]
[09:46:38] [######################--]  92% (105/113)  CVE-2025-6970  :8170 [official]
[09:46:38] [######################--]  93% (106/113)  CVE-2025-9808  :8175 [official]
[09:46:38] [######################--]  94% (107/113)  CVE-2026-3018  :8201 [official]
[09:46:38] [######################--]  95% (108/113)  CVE-2026-5718  :8114 [official]
[09:46:38] [#######################-]  96% (109/113)  CVE-2026-7106  :8117 [custom]
[09:46:38] [#######################-]  97% (110/113)  CVE-2026-7252  :8118 [custom]
[09:46:39] [#######################-]  98% (111/113)  CVE-2026-7284  :8116 [custom]
[09:46:39] [#######################-]  99% (112/113)  CVE-2026-7467  :8119 [custom]
[09:46:39] [########################] 100% (113/113)  CVE-2026-7641  :8120 [custom]
[09:46:39] 等待剩余任务完成...
[09:46:39] ━━━ 汇总结果 ━━━
[09:46:39] ERROR CVE-2014-8799 ()
[09:46:39] ERROR CVE-2015-2755 ()
[09:46:39] ERROR CVE-2021-24340 ()
[09:46:39] ERROR CVE-2021-24731 ()
[09:46:39] ERROR CVE-2021-24931 ()
[09:46:39] ERROR CVE-2021-25032 ()
[09:46:39] ERROR CVE-2021-25052 ()
[09:46:39] ERROR CVE-2021-4436 ()
[09:46:39] ERROR CVE-2022-0148 ()
[09:46:39] ERROR CVE-2022-0169 ()
[09:46:39] ERROR CVE-2022-0188 ()
[09:46:39] ERROR CVE-2022-0201 ()
[09:46:39] ERROR CVE-2022-0220 ()
[09:46:39] ERROR CVE-2022-0234 ()
[09:46:39] ERROR CVE-2022-0250 ()
[09:46:39] ERROR CVE-2022-0271 ()
[09:46:39] ERROR CVE-2022-0412 ()
[09:46:39] ERROR CVE-2022-0533 ()
[09:46:39] ERROR CVE-2022-0591 ()
[09:46:39] ERROR CVE-2022-0592 ()
[09:46:39] ERROR CVE-2022-0651 ()
[09:46:39] ERROR CVE-2022-0653 ()
[09:46:39] ERROR CVE-2022-0783 ()
[09:46:39] ERROR CVE-2022-0786 ()
[09:46:40] ERROR CVE-2022-0867 ()
[09:46:40] ERROR CVE-2022-0952 ()
[09:46:40] ERROR CVE-2022-1029 ()
[09:46:40] ERROR CVE-2022-1119 ()
[09:46:40] ERROR CVE-2022-1221 ()
[09:46:40] ERROR CVE-2022-1390 ()
[09:46:40] ERROR CVE-2022-1580 ()
[09:46:40] ERROR CVE-2022-1724 ()
[09:46:40] ERROR CVE-2022-3982 ()
[09:46:40] ERROR CVE-2022-4059 ()
[09:46:40] ERROR CVE-2023-0037 ()
[09:46:40] ERROR CVE-2023-0159 ()
[09:46:40] ERROR CVE-2023-0600 ()
[09:46:40] ERROR CVE-2023-1020 ()
[09:46:40] ERROR CVE-2023-1893 ()
[09:46:40] ERROR CVE-2023-23488 ()
[09:46:40] ERROR CVE-2023-23489 ()
[09:46:40] ERROR CVE-2023-2732 ()
[09:46:40] ERROR CVE-2023-2734 ()
[09:46:40] ERROR CVE-2023-28662 ()
[09:46:40] ERROR CVE-2023-28787 ()
[09:46:40] ERROR CVE-2023-3077 ()
[09:46:40] ERROR CVE-2023-32590 ()
[09:46:40] ERROR CVE-2023-3452 ()
[09:46:40] ERROR CVE-2023-3460 ()
[09:46:40] ERROR CVE-2023-4490 ()
[09:46:40] ERROR CVE-2023-4521 ()
[09:46:40] ERROR CVE-2023-4596 ()
[09:46:40] ERROR CVE-2023-48777 ()
[09:46:40] ERROR CVE-2023-5360 ()
[09:46:40] ERROR CVE-2023-5559 ()
[09:46:40] ERROR CVE-2023-5652 ()
[09:46:40] ERROR CVE-2023-6360 ()
[09:46:40] ERROR CVE-2023-6553 ()
[09:46:40] ERROR CVE-2024-0705 ()
[09:46:40] ERROR CVE-2024-10400 ()
[09:46:40] ERROR CVE-2024-10516 ()
[09:46:40] ERROR CVE-2024-10571 ()
[09:46:40] ERROR CVE-2024-10924 ()
[09:46:40] ERROR CVE-2024-11728 ()
[09:46:40] ERROR CVE-2024-11740 ()
[09:46:40] ERROR CVE-2024-11972 ()
[09:46:40] ERROR CVE-2024-12025 ()
[09:46:40] ERROR CVE-2024-12209 ()
[09:46:40] ERROR CVE-2024-12849 ()
[09:46:40] ERROR CVE-2024-13322 ()
[09:46:40] ERROR CVE-2024-13496 ()
[09:46:40] ERROR CVE-2024-1698 ()
[09:46:40] ERROR CVE-2024-2667 ()
[09:46:40] ERROR CVE-2024-2876 ()
[09:46:40] ERROR CVE-2024-30498 ()
[09:46:40] ERROR CVE-2024-3495 ()
[09:46:40] ERROR CVE-2024-3552 ()
[09:46:40] ERROR CVE-2024-38773 ()
[09:46:40] ERROR CVE-2024-5084 ()
[09:46:40] ERROR CVE-2024-5522 ()
[09:46:40] ERROR CVE-2024-6028 ()
[09:46:40] ERROR CVE-2024-6517 ()
[09:46:40] ERROR CVE-2024-7313 ()
[09:46:40] ERROR CVE-2024-8522 ()
[09:46:40] ERROR CVE-2024-8852 ()
[09:46:40] ERROR CVE-2024-9047 ()
[09:46:40] ERROR CVE-2025-1323 ()
[09:46:40] ERROR CVE-2025-13801 ()
[09:46:40] ERROR CVE-2025-14124 ()
[09:46:40] ERROR CVE-2025-15403 ()
[09:46:40] ERROR CVE-2025-1661 ()
[09:46:40] ERROR CVE-2025-2010 ()
[09:46:40] ERROR CVE-2025-2011 ()
[09:46:40] ERROR CVE-2025-2294 ()
[09:46:40] ERROR CVE-2025-2539 ()
[09:46:40] ERROR CVE-2025-2636 ()
[09:46:40] ERROR CVE-2025-3102 ()
[09:46:40] ERROR CVE-2025-34077 ()
[09:46:40] ERROR CVE-2025-34085 ()
[09:46:40] ERROR CVE-2025-4396 ()
[09:46:40] ERROR CVE-2025-47577 ()
[09:46:40] ERROR CVE-2025-5287 ()
[09:46:40] ERROR CVE-2025-6058 ()
[09:46:40] ERROR CVE-2025-69411 ()
[09:46:40] ERROR CVE-2025-6970 ()
[09:46:40] ERROR CVE-2025-9808 ()
[09:46:40] ERROR CVE-2026-3018 ()
[09:46:40] ERROR CVE-2026-5718 ()
[09:46:40] ERROR CVE-2026-7106 ()
[09:46:40] ERROR CVE-2026-7252 ()
[09:46:40] ERROR CVE-2026-7284 ()
[09:46:40] ERROR CVE-2026-7467 ()
[09:46:40] ERROR CVE-2026-7641 ()

==================== 汇总 ====================
总计 113  |  PASS 0  FAIL 0  SKIP 0  ERROR 113
明细: /Users/zer0p0int/Desktop/wordpress漏洞环境自动化生成/logs/scan-20260629-094609/summary.txt
判定记录: /Users/zer0p0int/Desktop/wordpress漏洞环境自动化生成/logs/scan-20260629-094609/results.jsonl
原始 jsonl: /Users/zer0p0int/Desktop/wordpress漏洞环境自动化生成/logs/scan-20260629-094609/raw/
[09:46:40] 收到中断信号，清理已启动的容器...
[09:46:41]   已清理: CVE-2014-8799
[09:46:41]   已清理: CVE-2015-2755
[09:46:41]   已清理: CVE-2021-24340
[09:46:41]   已清理: CVE-2021-24731
[09:46:42]   已清理: CVE-2021-24931
[09:46:42]   已清理: CVE-2021-25032
[09:46:42]   已清理: CVE-2021-25052
[09:46:43]   已清理: CVE-2021-4436
[09:46:43]   已清理: CVE-2022-0148
[09:46:43]   已清理: CVE-2022-0169
[09:46:44]   已清理: CVE-2022-0188
[09:46:44]   已清理: CVE-2022-0201
[09:46:44]   已清理: CVE-2022-0220
[09:46:45]   已清理: CVE-2022-0234
[09:46:45]   已清理: CVE-2022-0250
[09:46:45]   已清理: CVE-2022-0271
[09:46:46]   已清理: CVE-2022-0412
[09:46:46]   已清理: CVE-2022-0533
[09:46:46]   已清理: CVE-2022-0591
[09:46:46]   已清理: CVE-2022-0592
[09:46:47]   已清理: CVE-2022-0651
[09:46:47]   已清理: CVE-2022-0653
[09:46:47]   已清理: CVE-2022-0783
[09:46:48]   已清理: CVE-2022-0867
[09:46:48]   已清理: CVE-2022-0952
[09:46:48]   已清理: CVE-2022-1029
[09:46:48]   已清理: CVE-2022-1119
[09:46:49]   已清理: CVE-2022-1221
[09:46:49]   已清理: CVE-2022-1390
[09:46:49]   已清理: CVE-2022-1580
[09:46:50]   已清理: CVE-2022-1724
[09:46:50]   已清理: CVE-2022-3982
[09:46:50]   已清理: CVE-2022-4059
[09:46:50]   已清理: CVE-2023-0037
[09:46:51]   已清理: CVE-2023-0159
[09:46:51]   已清理: CVE-2023-0600
[09:46:51]   已清理: CVE-2023-1020
[09:46:51]   已清理: CVE-2023-1893
[09:46:52]   已清理: CVE-2023-23488
[09:46:52]   已清理: CVE-2023-23489
[09:46:52]   已清理: CVE-2023-2732
[09:46:53]   已清理: CVE-2023-2734
[09:46:53]   已清理: CVE-2023-28787
[09:46:53]   已清理: CVE-2023-3077
[09:46:53]   已清理: CVE-2023-32590
[09:46:54]   已清理: CVE-2023-3460
[09:46:54]   已清理: CVE-2023-4596
[09:46:54]   已清理: CVE-2023-48777
[09:46:55]   已清理: CVE-2023-5360
[09:46:55]   已清理: CVE-2023-5652
[09:46:55]   已清理: CVE-2023-6360
[09:46:55]   已清理: CVE-2023-6553
[09:46:56]   已清理: CVE-2024-10400
[09:46:56]   已清理: CVE-2024-10516
[09:46:56]   已清理: CVE-2024-10571
[09:46:57]   已清理: CVE-2024-10924
[09:46:57]   已清理: CVE-2024-11740
[09:46:57]   已清理: CVE-2024-11972
[09:46:57]   已清理: CVE-2024-12025
[09:46:58]   已清理: CVE-2024-12849
[09:46:58]   已清理: CVE-2024-13496
[09:46:58]   已清理: CVE-2024-1698
[09:46:59]   已清理: CVE-2024-2667
[09:46:59]   已清理: CVE-2024-2876
[09:46:59]   已清理: CVE-2024-30498
[09:47:00]   已清理: CVE-2024-3495
[09:47:00]   已清理: CVE-2024-3552
[09:47:01]   已清理: CVE-2024-38773
[09:47:01]   已清理: CVE-2024-5084
[09:47:01]   已清理: CVE-2024-5522
[09:47:01]   已清理: CVE-2024-6028
[09:47:02]   已清理: CVE-2024-6517
[09:47:02]   已清理: CVE-2024-7313
[09:47:02]   已清理: CVE-2024-8522
[09:47:03]   已清理: CVE-2024-8852
[09:47:03]   已清理: CVE-2024-9047
[09:47:03]   已清理: CVE-2025-1323
[09:47:03]   已清理: CVE-2025-13801
[09:47:04]   已清理: CVE-2025-14124
[09:47:04]   已清理: CVE-2025-1661
[09:47:04]   已清理: CVE-2025-2010
[09:47:05]   已清理: CVE-2025-2011
[09:47:05]   已清理: CVE-2025-2294
[09:47:05]   已清理: CVE-2025-2539
[09:47:05]   已清理: CVE-2025-2636
[09:47:06]   已清理: CVE-2025-3102
[09:47:06]   已清理: CVE-2025-34077
[09:47:06]   已清理: CVE-2025-34085
[09:47:07]   已清理: CVE-2025-4396
[09:47:07]   已清理: CVE-2025-47577
[09:47:07]   已清理: CVE-2025-5287
[09:47:07]   已清理: CVE-2025-6058
[09:47:08]   已清理: CVE-2025-69411
[09:47:08]   已清理: CVE-2025-6970
[09:47:08]   已清理: CVE-2025-9808
[09:47:09]   已清理: CVE-2026-3018
[09:47:09]   已清理: CVE-2026-5718
[09:47:09]   已清理: CVE-2026-7106
[09:47:09]   已清理: CVE-2026-7252
[09:47:10]   已清理: CVE-2026-7284
[09:47:10]   已清理: CVE-2026-7467
[09:47:10]   已清理: CVE-2026-7641
