[22:33:02] nuclei: /Users/zer0p0int/工具/nuclei (v3.9.0)
[22:33:02] 日志目录: /Users/zer0p0int/Desktop/wordpress漏洞环境自动化生成/logs/scan-20260630-223300
[22:33:02] 本次共 10 个环境 | 并行度: 4 | 重试: 2次/5s间隔
[22:33:02] 预构建: 否 | 续跑: 是
[22:33:02] 续跑模式：跳过已 PASS 的 CVE
[22:33:02] ━━━ 开始并行测试 (4 并发) ━━━
[22:33:02] [##----------------------]  10% (1/10)  CVE-2014-8799  :8097 [official]
[22:33:02] [####--------------------]  20% (2/10)  CVE-2015-2755  :8098 [official]
[22:33:02] [#######-----------------]  30% (3/10)  CVE-2021-24340  :8101 [official]
[22:33:02] [#########---------------]  40% (4/10)  CVE-2021-24731  :8102 [official]
[22:33:14] [############------------]  50% (5/10)  CVE-2021-25052  :8203 [official]
[22:33:15] [##############----------]  60% (6/10)  CVE-2022-0148  :8110 [official]
[22:33:16] [################--------]  70% (7/10)  CVE-2022-0169  :8103 [official]
[22:33:22] [###################-----]  80% (8/10)  CVE-2022-0220  :8187 [official]
[22:33:52] [#####################---]  90% (9/10)  CVE-2022-0250  :8204 [official]
[22:33:53] [########################] 100% (10/10)  CVE-2022-0533  :8190 [official]
[22:33:53] 等待剩余任务完成...
[22:34:37] ━━━ 汇总结果 ━━━
[22:34:37] ERROR CVE-2014-8799 ()
[22:34:37] ERROR CVE-2015-2755 ()
[22:34:37] ERROR CVE-2021-24340 ()
[22:34:37] ERROR CVE-2021-24731 ()
[22:34:37] FAIL CVE-2021-25052
[22:34:37] FAIL CVE-2022-0148
[22:34:37] FAIL CVE-2022-0169
[22:34:37] FAIL CVE-2022-0220
[22:34:37] FAIL CVE-2022-0250
[22:34:37] FAIL CVE-2022-0533

==================== 汇总 ====================
总计 10  |  PASS 0  FAIL 6  SKIP 0  ERROR 4
明细: /Users/zer0p0int/Desktop/wordpress漏洞环境自动化生成/logs/scan-20260630-223300/summary.txt
判定记录: /Users/zer0p0int/Desktop/wordpress漏洞环境自动化生成/logs/scan-20260630-223300/results.jsonl
原始 jsonl: /Users/zer0p0int/Desktop/wordpress漏洞环境自动化生成/logs/scan-20260630-223300/raw/
[22:34:37] 收到中断信号，清理已启动的容器...
[22:34:37]   已清理: CVE-2014-8799
[22:34:38]   已清理: CVE-2015-2755
[22:34:38]   已清理: CVE-2021-24340
[22:34:38]   已清理: CVE-2021-24731
