[23:20:07] nuclei: /Users/zer0p0int/工具/nuclei (v3.9.0)
[23:20:07] 日志目录: /Users/zer0p0int/Desktop/wordpress漏洞环境自动化生成/logs/scan-20260630-232005
[23:20:07] 本次共 1 个环境 | 并行度: 4 | 重试: 2次/5s间隔
[23:20:07] 预构建: 是 | 续跑: 是
[23:20:07] 续跑模式：跳过已 PASS 的 CVE
[23:20:07] ━━━ 预构建基础镜像 ━━━
[23:20:07] 预构建基础镜像 (1): /Users/zer0p0int/Desktop/wordpress漏洞环境自动化生成/vulhub-env/base/wp-statistics/13.0.7
[23:20:08]   WARN: 预构建失败，运行时将自动构建
[23:20:08] 预构建完成，共 1 个基础镜像
[23:20:08] ━━━ 开始并行测试 (4 并发) ━━━
[23:20:08] [########################] 100% (1/1)  CVE-2021-24340  :8101 [official]
[23:20:08] 等待剩余任务完成...
[23:20:09] ━━━ 汇总结果 ━━━
[23:20:09] ERROR CVE-2021-24340 ()

==================== 汇总 ====================
总计 1  |  PASS 0  FAIL 0  SKIP 0  ERROR 1
明细: /Users/zer0p0int/Desktop/wordpress漏洞环境自动化生成/logs/scan-20260630-232005/summary.txt
判定记录: /Users/zer0p0int/Desktop/wordpress漏洞环境自动化生成/logs/scan-20260630-232005/results.jsonl
原始 jsonl: /Users/zer0p0int/Desktop/wordpress漏洞环境自动化生成/logs/scan-20260630-232005/raw/
[23:20:09] 收到中断信号，清理已启动的容器...
[23:20:09]   已清理: CVE-2021-24340
