[23:59:01] nuclei: /Users/zer0p0int/工具/nuclei (v3.9.0)
[23:59:01] 日志目录: /Users/zer0p0int/Desktop/wordpress漏洞环境自动化生成/logs/scan-20260630-235859
[23:59:01] 本次共 6 个环境 | 并行度: 4 | 重试: 2次/5s间隔
[23:59:01] 预构建: 否 | 续跑: 是
[23:59:01] 续跑模式：跳过已 PASS 的 CVE
[23:59:01] ━━━ 开始并行测试 (4 并发) ━━━
[23:59:01] [####--------------------]  16% (1/6)  CVE-2021-24731  :8102 [official]
[23:59:01] [########----------------]  33% (2/6)  CVE-2021-25052  :8203 [official]
[23:59:01] [############------------]  50% (3/6)  CVE-2022-0148  :8110 [official]
[23:59:01] [################--------]  66% (4/6)  CVE-2022-0220  :8187 [official]
[23:59:14] [####################----]  83% (5/6)  CVE-2022-0250  :8204 [official]
[23:59:14] [########################] 100% (6/6)  CVE-2022-0533  :8190 [official]
[23:59:14] 等待剩余任务完成...
[00:00:04] ━━━ 汇总结果 ━━━
[00:00:04] ERROR CVE-2021-24731 ()
[00:00:04] FAIL CVE-2021-25052
[00:00:04] ERROR CVE-2022-0148 ()
[00:00:04] ERROR CVE-2022-0220 ()
[00:00:04] FAIL CVE-2022-0250
[00:00:04] FAIL CVE-2022-0533

==================== 汇总 ====================
总计 6  |  PASS 0  FAIL 3  SKIP 0  ERROR 3
明细: /Users/zer0p0int/Desktop/wordpress漏洞环境自动化生成/logs/scan-20260630-235859/summary.txt
判定记录: /Users/zer0p0int/Desktop/wordpress漏洞环境自动化生成/logs/scan-20260630-235859/results.jsonl
原始 jsonl: /Users/zer0p0int/Desktop/wordpress漏洞环境自动化生成/logs/scan-20260630-235859/raw/
[00:00:04] 收到中断信号，清理已启动的容器...
[00:00:05]   已清理: CVE-2021-24731
[00:00:05]   已清理: CVE-2022-0148
[00:00:05]   已清理: CVE-2022-0220
