[11:33:52] nuclei: /Users/zer0p0int/工具/nuclei (v3.9.0)
[11:33:52] 日志目录: /Users/zer0p0int/Desktop/wordpress漏洞环境自动化生成/logs/scan-20260629-113350
[11:33:52] 本次共 113 个环境 | 并行度: 4 | 重试: 2次/5s间隔
[11:33:52] 预构建: 是 | 续跑: 是
[11:33:52] 续跑模式：跳过已 PASS 的 CVE
[11:33:52] ━━━ 预构建基础镜像 ━━━
[11:33:52] 预构建基础镜像 (1): /Users/zer0p0int/Desktop/wordpress漏洞环境自动化生成/vulhub-env/base/dukapress/2.5.4
[11:33:54] 预构建基础镜像 (2): /Users/zer0p0int/Desktop/wordpress漏洞环境自动化生成/vulhub-env/base/ab-google-map-travel/3.4
[11:33:55] 预构建基础镜像 (3): /Users/zer0p0int/Desktop/wordpress漏洞环境自动化生成/vulhub-env/base/wp-statistics/13.0.7
[11:33:58] 预构建基础镜像 (4): /Users/zer0p0int/Desktop/wordpress漏洞环境自动化生成/vulhub-env/base/pie-register/3.7.1.5
[11:34:00] 预构建基础镜像 (5): /Users/zer0p0int/Desktop/wordpress漏洞环境自动化生成/vulhub-env/base/wordpress/6.4
[11:34:07] 预构建基础镜像 (6): /Users/zer0p0int/Desktop/wordpress漏洞环境自动化生成/vulhub-env/base/capability-manager-enhanced/2.3.0
[11:34:12] 预构建基础镜像 (7): /Users/zer0p0int/Desktop/wordpress漏洞环境自动化生成/vulhub-env/button-generation/CVE-2021-25052
[11:34:15] 预构建基础镜像 (8): /Users/zer0p0int/Desktop/wordpress漏洞环境自动化生成/vulhub-env/base/mystickyelements/2.0.3
[11:34:18] 预构建基础镜像 (9): /Users/zer0p0int/Desktop/wordpress漏洞环境自动化生成/vulhub-env/base/photo-gallery/1.5.87
[11:34:19] 预构建基础镜像 (10): /Users/zer0p0int/Desktop/wordpress漏洞环境自动化生成/vulhub-env/wpcf7-redirect/CVE-2022-0250
[11:34:23] 预构建基础镜像 (11): /Users/zer0p0int/Desktop/wordpress漏洞环境自动化生成/vulhub-env/ti-woocommerce-wishlist/CVE-2022-0412
[11:34:26] 预构建基础镜像 (12): /Users/zer0p0int/Desktop/wordpress漏洞环境自动化生成/vulhub-env/arprice-responsive-pricing-table/CVE-2022-0867
[11:34:30] 预构建基础镜像 (13): /Users/zer0p0int/Desktop/wordpress漏洞环境自动化生成/vulhub-env/base/simple-membership/4.1.0
[11:34:32] 预构建基础镜像 (14): /Users/zer0p0int/Desktop/wordpress漏洞环境自动化生成/vulhub-env/base/booking-calendar/3.2.0
[11:34:33] 预构建基础镜像 (15): /Users/zer0p0int/Desktop/wordpress漏洞环境自动化生成/vulhub-env/base/cryptocurrency-widgets-pack/1.8.1
[11:34:34] 预构建基础镜像 (16): /Users/zer0p0int/Desktop/wordpress漏洞环境自动化生成/vulhub-env/wd-google-maps/CVE-2023-0037
[11:34:36] 预构建基础镜像 (17): /Users/zer0p0int/Desktop/wordpress漏洞环境自动化生成/vulhub-env/base/paid-memberships-pro/2.9.7
[11:34:37] 预构建基础镜像 (18): /Users/zer0p0int/Desktop/wordpress漏洞环境自动化生成/vulhub-env/mstore-api/CVE-2023-2734
[11:34:40] 预构建基础镜像 (19): /Users/zer0p0int/Desktop/wordpress漏洞环境自动化生成/vulhub-env/quiz-master-next/CVE-2023-28787
[11:34:41] 预构建基础镜像 (20): /Users/zer0p0int/Desktop/wordpress漏洞环境自动化生成/vulhub-env/mstore-api/CVE-2023-3077
[11:34:44] 预构建基础镜像 (21): /Users/zer0p0int/Desktop/wordpress漏洞环境自动化生成/vulhub-env/ultimate-member/CVE-2023-3460
[11:34:45] 预构建基础镜像 (22): /Users/zer0p0int/Desktop/wordpress漏洞环境自动化生成/vulhub-env/forminator/CVE-2023-4596
[11:34:47] 预构建基础镜像 (23): /Users/zer0p0int/Desktop/wordpress漏洞环境自动化生成/vulhub-env/elementor/CVE-2023-48777
[11:34:49] 预构建基础镜像 (24): /Users/zer0p0int/Desktop/wordpress漏洞环境自动化生成/vulhub-env/base/my-calendar/3.4.0
[11:34:50] 预构建基础镜像 (25): /Users/zer0p0int/Desktop/wordpress漏洞环境自动化生成/vulhub-env/really-simple-ssl/CVE-2024-10924
[11:34:52] 预构建基础镜像 (26): /Users/zer0p0int/Desktop/wordpress漏洞环境自动化生成/vulhub-env/download-manager/CVE-2024-11740
[11:34:53] 预构建基础镜像 (27): /Users/zer0p0int/Desktop/wordpress漏洞环境自动化生成/vulhub-env/error-log-viewer/CVE-2024-12849
[11:34:55] 预构建基础镜像 (28): /Users/zer0p0int/Desktop/wordpress漏洞环境自动化生成/vulhub-env/base/gamipress/2.7.0
[11:34:56] 预构建基础镜像 (29): /Users/zer0p0int/Desktop/wordpress漏洞环境自动化生成/vulhub-env/notificationx/CVE-2024-1698
[11:34:57] 预构建基础镜像 (30): /Users/zer0p0int/Desktop/wordpress漏洞环境自动化生成/vulhub-env/base/instawp-connect/0.1.0.22
[11:34:57] 预构建基础镜像 (31): /Users/zer0p0int/Desktop/wordpress漏洞环境自动化生成/vulhub-env/base/email-subscribers/5.7.13
[11:34:59] 预构建基础镜像 (32): /Users/zer0p0int/Desktop/wordpress漏洞环境自动化生成/vulhub-env/base/ds-cf7-math-captcha/2.0.1
[11:35:13] 预构建基础镜像 (33): /Users/zer0p0int/Desktop/wordpress漏洞环境自动化生成/vulhub-env/base/wp-simple-firewall/20.0.5
[11:35:24] 预构建基础镜像 (34): /Users/zer0p0int/Desktop/wordpress漏洞环境自动化生成/vulhub-env/learnpress/CVE-2024-8522
[11:35:26] 预构建基础镜像 (35): /Users/zer0p0int/Desktop/wordpress漏洞环境自动化生成/vulhub-env/base/registrationmagic/6.0.7.1
[11:35:29] 预构建基础镜像 (36): /Users/zer0p0int/Desktop/wordpress漏洞环境自动化生成/vulhub-env/base/depicter/3.6.0
[11:35:33] 预构建基础镜像 (37): /Users/zer0p0int/Desktop/wordpress漏洞环境自动化生成/vulhub-env/newsletters-lite/CVE-2026-3018
[11:35:35] 预构建基础镜像 (38): /Users/zer0p0int/Desktop/wordpress漏洞环境自动化生成/vulhub-env/base/drag-and-drop-multiple-file-upload-contact-form-7/1.3.9.6
[11:35:36] 预构建基础镜像 (39): /Users/zer0p0int/Desktop/wordpress漏洞环境自动化生成/vulhub-env/base/highland-software-custom-role-manager/1.0.0
[11:35:40] 预构建基础镜像 (40): /Users/zer0p0int/Desktop/wordpress漏洞环境自动化生成/vulhub-env/base/wp-optimize/4.5.2
[11:35:47] 预构建基础镜像 (41): /Users/zer0p0int/Desktop/wordpress漏洞环境自动化生成/vulhub-env/base/easy-elements/1.4.4
[11:35:54] 预构建基础镜像 (42): /Users/zer0p0int/Desktop/wordpress漏洞环境自动化生成/vulhub-env/base/expand-maker/3.5.5
[11:36:01] 预构建基础镜像 (43): /Users/zer0p0int/Desktop/wordpress漏洞环境自动化生成/vulhub-env/base/import-users-from-csv-with-meta/2.0.8
[11:36:06] 预构建完成，共 43 个基础镜像
[11:36:06] ━━━ 开始并行测试 (4 并发) ━━━
[11:36:06] [------------------------]   0% (1/113)  CVE-2014-8799  :8097 [official]
[11:36:06] [------------------------]   1% (2/113)  CVE-2015-2755  :8098 [official]
[11:36:06] [------------------------]   2% (3/113)  CVE-2021-24340  :8101 [official]
[11:36:06] [------------------------]   3% (4/113)  CVE-2021-24731  :8102 [official]
[11:36:51] [#-----------------------]   4% (5/113)  CVE-2021-24931  :8089 [official]
[11:36:51] [#-----------------------]   5% (6/113)  CVE-2021-25032  :8093 [official]
[11:36:51] [#-----------------------]   6% (7/113)  CVE-2021-25052  :8203 [official]
[11:36:52] [#-----------------------]   7% (8/113)  CVE-2021-4436  :8095 [official]
[11:37:44] [#-----------------------]   7% (9/113)  CVE-2022-0148  :8110 [official]
[11:37:45] [##----------------------]   8% (10/113)  CVE-2022-0169  :8103 [official]
[11:37:51] [##----------------------]   9% (11/113)  CVE-2022-0188  :8186 [official]
[11:37:51] [##----------------------]  10% (12/113)  CVE-2022-0201  :8091 [official]
[11:38:27] [##----------------------]  11% (13/113)  CVE-2022-0220  :8187 [official]
[11:38:28] [##----------------------]  12% (14/113)  CVE-2022-0234  :8188 [official]
[11:38:47] [###---------------------]  13% (15/113)  CVE-2022-0250  :8204 [official]
[11:38:48] [###---------------------]  14% (16/113)  CVE-2022-0271  :8092 [official]
[11:39:13] [###---------------------]  15% (17/113)  CVE-2022-0412  :8205 [official]
[11:39:32] [###---------------------]  15% (18/113)  CVE-2022-0533  :8190 [official]
[11:39:49] [####--------------------]  16% (19/113)  CVE-2022-0591  :8191 [official]
[11:39:50] [####--------------------]  17% (20/113)  CVE-2022-0592  :8192 [official]
[11:40:07] [####--------------------]  18% (21/113)  CVE-2022-0651  :8193 [official]
[11:40:28] [####--------------------]  19% (22/113)  CVE-2022-0653  :8194 [official]
[11:40:31] [####--------------------]  20% (23/113)  CVE-2022-0783  :8195 [official]
[11:40:31] [#####-------------------]  21% (24/113)  CVE-2022-0786  :8160 [none]
[11:40:32] [#####-------------------]  22% (25/113)  CVE-2022-0867  :8196 [official]
[11:40:54] [#####-------------------]  23% (26/113)  CVE-2022-0952  :8094 [official]
[11:41:18] [#####-------------------]  23% (27/113)  CVE-2022-1029  :8197 [official]
[11:41:27] [#####-------------------]  24% (28/113)  CVE-2022-1119  :8137 [official]
[11:41:27] [######------------------]  25% (29/113)  CVE-2022-1221  :8198 [official]
[11:41:45] [######------------------]  26% (30/113)  CVE-2022-1390  :8199 [official]
[11:42:04] [######------------------]  27% (31/113)  CVE-2022-1580  :8200 [official]
[11:42:06] [######------------------]  28% (32/113)  CVE-2022-1724  :8111 [official]
[11:42:12] [#######-----------------]  29% (33/113)  CVE-2022-3982  :8108 [official]
[11:42:34] [#######-----------------]  30% (34/113)  CVE-2022-4059  :8104 [official]
[11:42:43] [#######-----------------]  30% (35/113)  CVE-2023-0037  :8207 [official]
[11:42:52] [#######-----------------]  31% (36/113)  CVE-2023-0159  :8134 [official]
[11:42:55] [#######-----------------]  32% (37/113)  CVE-2023-0600  :8133 [official]
[11:43:10] [########----------------]  33% (38/113)  CVE-2023-1020  :8135 [official]
[11:43:36] [########----------------]  34% (39/113)  CVE-2023-1893  :8131 [official]
[11:43:41] [########----------------]  35% (40/113)  CVE-2023-23488  :8090 [official]
[11:43:54] [########----------------]  36% (41/113)  CVE-2023-23489  :8150 [official]
[11:43:56] [########----------------]  37% (42/113)  CVE-2023-2732  :8138 [official]
[11:44:13] [#########---------------]  38% (43/113)  CVE-2023-2734  :8210 [official]
[11:44:38] [#########---------------]  38% (44/113)  CVE-2023-28662  :8151 [none]
[11:44:39] [#########---------------]  39% (45/113)  CVE-2023-28787  :8152 [official]
[11:44:47] [#########---------------]  40% (46/113)  CVE-2023-3077  :8211 [official]
[11:44:54] [#########---------------]  41% (47/113)  CVE-2023-32590  :8153 [official]
[11:45:11] [##########--------------]  42% (48/113)  CVE-2023-3452  :8154 [none]
[11:45:11] [##########--------------]  43% (49/113)  CVE-2023-3460  :8130 [official]
[11:45:31] [##########--------------]  44% (50/113)  CVE-2023-4490  :8155 [none]
[11:45:32] [##########--------------]  45% (51/113)  CVE-2023-4521  :8156 [none]
[11:45:32] [###########-------------]  46% (52/113)  CVE-2023-4596  :8157 [official]
[11:45:46] [###########-------------]  46% (53/113)  CVE-2023-48777  :8139 [official]
[11:46:28] [###########-------------]  47% (54/113)  CVE-2023-5360  :8140 [official]
[11:46:48] [###########-------------]  48% (55/113)  CVE-2023-5559  :8158 [none]
[11:46:49] [###########-------------]  49% (56/113)  CVE-2023-5652  :8159 [official]
[11:47:23] [############------------]  50% (57/113)  CVE-2023-6360  :8105 [official]
[11:47:24] [############------------]  51% (58/113)  CVE-2023-6553  :8129 [official]
[11:47:33] [############------------]  52% (59/113)  CVE-2024-0705  :8141 [none]
[11:47:33] [############------------]  53% (60/113)  CVE-2024-10400  :8143 [official]
[11:47:57] [############------------]  53% (61/113)  CVE-2024-10516  :8127 [official]
[11:48:02] [#############-----------]  54% (62/113)  CVE-2024-10571  :8121 [official]
[11:48:12] [#############-----------]  55% (63/113)  CVE-2024-10924  :8126 [official]
[11:48:19] [#############-----------]  56% (64/113)  CVE-2024-11728  :8144 [none]
[11:48:20] [#############-----------]  57% (65/113)  CVE-2024-11740  :8142 [official]
[11:48:42] [##############----------]  58% (66/113)  CVE-2024-11972  :8145 [official]
[11:49:03] [##############----------]  59% (67/113)  CVE-2024-12025  :8148 [official]
[11:49:51] [##############----------]  60% (68/113)  CVE-2024-12209  :8146 [none]
[11:49:52] [##############----------]  61% (69/113)  CVE-2024-12849  :8147 [official]
[11:49:57] [##############----------]  61% (70/113)  CVE-2024-13322  :8149 [none]
[11:49:58] [###############---------]  62% (71/113)  CVE-2024-13496  :8106 [official]
[11:50:01] [###############---------]  63% (72/113)  CVE-2024-1698  :8125 [official]
[11:50:07] [###############---------]  64% (73/113)  CVE-2024-2667  :8109 [official]
[11:50:47] [###############---------]  65% (74/113)  CVE-2024-2876  :8088 [official]
[11:50:59] [###############---------]  66% (75/113)  CVE-2024-30498  :8182 [official]
[11:51:27] [################--------]  67% (76/113)  CVE-2024-3495  :8180 [official]
[11:51:28] [################--------]  68% (77/113)  CVE-2024-3552  :8179 [official]
[11:51:31] [################--------]  69% (78/113)  CVE-2024-38773  :8183 [official]
[11:51:46] [################--------]  69% (79/113)  CVE-2024-5084  :8096 [official]
[11:52:15] [################--------]  70% (80/113)  CVE-2024-5522  :8124 [official]
[11:52:33] [#################-------]  71% (81/113)  CVE-2024-6028  :8181 [official]
[11:52:39] [#################-------]  72% (82/113)  CVE-2024-6517  :8113 [official]
[11:52:42] [#################-------]  73% (83/113)  CVE-2024-7313  :8100 [official]
[11:53:11] [#################-------]  74% (84/113)  CVE-2024-8522  :8122 [official]
[11:53:26] [##################------]  75% (85/113)  CVE-2024-8852  :8128 [official]
[11:53:29] [##################------]  76% (86/113)  CVE-2024-9047  :8123 [official]
[11:53:58] [##################------]  76% (87/113)  CVE-2025-1323  :8165 [official]
[11:54:15] [##################------]  77% (88/113)  CVE-2025-13801  :8174 [official]
[11:54:22] [##################------]  78% (89/113)  CVE-2025-14124  :8176 [official]
[11:54:44] [###################-----]  79% (90/113)  CVE-2025-15403  :8115 [none]
[11:54:45] [###################-----]  80% (91/113)  CVE-2025-1661  :8164 [official]
[11:55:01] [###################-----]  81% (92/113)  CVE-2025-2010  :8171 [official]
[11:55:12] [###################-----]  82% (93/113)  CVE-2025-2011  :8107 [official]
[11:55:18] [###################-----]  83% (94/113)  CVE-2025-2294  :8168 [official]
[11:55:48] [####################----]  84% (95/113)  CVE-2025-2539  :8163 [official]
[11:55:53] [####################----]  84% (96/113)  CVE-2025-2636  :8169 [official]
[11:55:55] [####################----]  85% (97/113)  CVE-2025-3102  :8173 [official]
[11:56:13] [####################----]  86% (98/113)  CVE-2025-34077  :8166 [official]
[11:56:37] [#####################---]  87% (99/113)  CVE-2025-34085  :8172 [official]
[11:56:49] [#####################---]  88% (100/113)  CVE-2025-4396  :8177 [official]
[11:56:49] [#####################---]  89% (101/113)  CVE-2025-47577  :8178 [official]
[11:57:20] [#####################---]  90% (102/113)  CVE-2025-5287  :8161 [official]
[11:57:32] [#####################---]  91% (103/113)  CVE-2025-6058  :8167 [official]
[11:57:46] [######################--]  92% (104/113)  CVE-2025-69411  :8162 [official]
[11:58:02] [######################--]  92% (105/113)  CVE-2025-6970  :8170 [official]
[11:58:23] [######################--]  93% (106/113)  CVE-2025-9808  :8175 [official]
[11:58:24] [######################--]  94% (107/113)  CVE-2026-3018  :8201 [official]
[11:58:41] [######################--]  95% (108/113)  CVE-2026-5718  :8114 [official]
[11:59:11] [#######################-]  96% (109/113)  CVE-2026-7106  :8117 [custom]
[11:59:16] [#######################-]  97% (110/113)  CVE-2026-7252  :8118 [custom]
[11:59:23] [#######################-]  98% (111/113)  CVE-2026-7284  :8116 [custom]
[11:59:26] [#######################-]  99% (112/113)  CVE-2026-7467  :8119 [custom]
[12:00:11] [########################] 100% (113/113)  CVE-2026-7641  :8120 [custom]
[12:00:11] 等待剩余任务完成...
[12:01:05] ━━━ 汇总结果 ━━━
[12:01:05] FAIL CVE-2014-8799
[12:01:05] FAIL CVE-2015-2755
[12:01:05] FAIL CVE-2021-24340
[12:01:05] FAIL CVE-2021-24731
[12:01:05] PASS CVE-2021-24931    
[12:01:05] PASS CVE-2021-25032    
[12:01:05] FAIL CVE-2021-25052
[12:01:05] PASS CVE-2021-4436    
[12:01:05] FAIL CVE-2022-0148
[12:01:05] FAIL CVE-2022-0169
[12:01:05] PASS CVE-2022-0188  matcher=3FnIGaPrbUAebZ4H5oUw9VzSntr   
[12:01:05] PASS CVE-2022-0201    
[12:01:05] FAIL CVE-2022-0220
[12:01:05] PASS CVE-2022-0234    
[12:01:05] FAIL CVE-2022-0250
[12:01:05] PASS CVE-2022-0271    
[12:01:05] PASS CVE-2022-0412    
[12:01:05] FAIL CVE-2022-0533
[12:01:05] FAIL CVE-2022-0591
[12:01:05] FAIL CVE-2022-0592
[12:01:05] FAIL CVE-2022-0651
[12:01:05] PASS CVE-2022-0653    
[12:01:05] FAIL CVE-2022-0783
[12:01:05] ERROR CVE-2022-0786 ()
[12:01:05] FAIL CVE-2022-0867
[12:01:05] PASS CVE-2022-0952    
[12:01:05] FAIL CVE-2022-1029
[12:01:05] FAIL CVE-2022-1119
[12:01:05] PASS CVE-2022-1221    
[12:01:05] FAIL CVE-2022-1390
[12:01:05] PASS CVE-2022-1580    
[12:01:05] FAIL CVE-2022-1724
[12:01:05] FAIL CVE-2022-3982
[12:01:05] FAIL CVE-2022-4059
[12:01:05] PASS CVE-2023-0037    
[12:01:05] FAIL CVE-2023-0159
[12:01:05] FAIL CVE-2023-0600
[12:01:05] PASS CVE-2023-1020    
[12:01:05] FAIL CVE-2023-1893
[12:01:05] PASS CVE-2023-23488    
[12:01:05] PASS CVE-2023-23489    
[12:01:05] PASS CVE-2023-2732    
[12:01:05] PASS CVE-2023-2734    
[12:01:05] ERROR CVE-2023-28662 ()
[12:01:05] PASS CVE-2023-28787    
[12:01:05] PASS CVE-2023-3077    
[12:01:05] PASS CVE-2023-32590    
[12:01:05] ERROR CVE-2023-3452 ()
[12:01:05] FAIL CVE-2023-3460
[12:01:06] ERROR CVE-2023-4490 ()
[12:01:06] ERROR CVE-2023-4521 ()
[12:01:06] PASS CVE-2023-4596    
[12:01:06] FAIL CVE-2023-48777
[12:01:06] FAIL CVE-2023-5360
[12:01:06] ERROR CVE-2023-5559 ()
[12:01:06] PASS CVE-2023-5652    
[12:01:06] FAIL CVE-2023-6360
[12:01:06] PASS CVE-2023-6553    
[12:01:06] ERROR CVE-2024-0705 ()
[12:01:06] PASS CVE-2024-10400  matcher=\\/\\/localhost:8143\\/profile\\/user_name?view=instructor   
[12:01:06] FAIL CVE-2024-10516
[12:01:06] FAIL CVE-2024-10571
[12:01:06] FAIL CVE-2024-10924
[12:01:06] ERROR CVE-2024-11728 ()
[12:01:06] PASS CVE-2024-11740    
[12:01:06] PASS CVE-2024-11972    
[12:01:06] PASS CVE-2024-12025    
[12:01:06] ERROR CVE-2024-12209 ()
[12:01:06] PASS CVE-2024-12849    
[12:01:06] ERROR CVE-2024-13322 ()
[12:01:06] PASS CVE-2024-13496    
[12:01:06] FAIL CVE-2024-1698
[12:01:06] FAIL CVE-2024-2667
[12:01:06] PASS CVE-2024-2876    
[12:01:06] FAIL CVE-2024-30498
[12:01:06] PASS CVE-2024-3495    
[12:01:06] FAIL CVE-2024-3552
[12:01:06] PASS CVE-2024-38773    
[12:01:06] FAIL CVE-2024-5084
[12:01:06] FAIL CVE-2024-5522
[12:01:06] FAIL CVE-2024-6028
[12:01:06] PASS CVE-2024-6517    
[12:01:06] FAIL CVE-2024-7313
[12:01:06] PASS CVE-2024-8522    
[12:01:06] FAIL CVE-2024-8852
[12:01:06] PASS CVE-2024-9047    
[12:01:06] FAIL CVE-2025-1323
[12:01:06] FAIL CVE-2025-13801
[12:01:06] FAIL CVE-2025-14124
[12:01:06] ERROR CVE-2025-15403 ()
[12:01:06] FAIL CVE-2025-1661
[12:01:06] FAIL CVE-2025-2010
[12:01:06] FAIL CVE-2025-2011
[12:01:06] PASS CVE-2025-2294    
[12:01:06] PASS CVE-2025-2539    
[12:01:06] FAIL CVE-2025-2636
[12:01:06] PASS CVE-2025-3102  matcher=Username: admin Password: admin   
[12:01:06] PASS CVE-2025-34077    
[12:01:06] PASS CVE-2025-34085    
[12:01:06] PASS CVE-2025-4396    
[12:01:06] FAIL CVE-2025-47577
[12:01:06] PASS CVE-2025-5287    
[12:01:06] PASS CVE-2025-6058    
[12:01:06] PASS CVE-2025-69411    
[12:01:06] PASS CVE-2025-6970    
[12:01:06] PASS CVE-2025-9808  matcher=   
[12:01:06] PASS CVE-2026-3018    
[12:01:06] FAIL CVE-2026-5718
[12:01:06] PASS CVE-2026-7106    
[12:01:06] PASS CVE-2026-7252    
[12:01:06] PASS CVE-2026-7284    
[12:01:06] FAIL CVE-2026-7467
[12:01:06] PASS CVE-2026-7641    

==================== 汇总 ====================
总计 113  |  PASS 52  FAIL 50  SKIP 0  ERROR 11
明细: /Users/zer0p0int/Desktop/wordpress漏洞环境自动化生成/logs/scan-20260629-113350/summary.txt
判定记录: /Users/zer0p0int/Desktop/wordpress漏洞环境自动化生成/logs/scan-20260629-113350/results.jsonl
原始 jsonl: /Users/zer0p0int/Desktop/wordpress漏洞环境自动化生成/logs/scan-20260629-113350/raw/
[12:01:06] 收到中断信号，清理已启动的容器...
[12:01:06]   已清理: CVE-2026-7641
