[23:49:38] nuclei: /Users/zer0p0int/工具/nuclei (v3.9.0)
[23:49:38] 日志目录: /Users/zer0p0int/Desktop/wordpress漏洞环境自动化生成/logs/scan-20260630-234936
[23:49:38] 本次共 10 个环境 | 并行度: 4 | 重试: 2次/5s间隔
[23:49:38] 预构建: 否 | 续跑: 是
[23:49:38] 续跑模式：跳过已 PASS 的 CVE
[23:49:38] ━━━ 开始并行测试 (4 并发) ━━━
[23:49:38] [##----------------------]  10% (1/10)  CVE-2014-8799  :8097 [official]
[23:49:38] [####--------------------]  20% (2/10)  CVE-2015-2755  :8098 [official]
[23:49:38] [#######-----------------]  30% (3/10)  CVE-2021-24340  :8101 [official]
[23:49:38] [#########---------------]  40% (4/10)  CVE-2021-24731  :8102 [official]
[23:50:16] [############------------]  50% (5/10)  CVE-2021-25052  :8203 [official]
[23:50:16] [##############----------]  60% (6/10)  CVE-2022-0148  :8110 [official]
[23:50:18] [################--------]  70% (7/10)  CVE-2022-0169  :8103 [official]
[23:50:23] [###################-----]  80% (8/10)  CVE-2022-0220  :8187 [official]
[23:50:55] [#####################---]  90% (9/10)  CVE-2022-0250  :8204 [official]
[23:50:57] [########################] 100% (10/10)  CVE-2022-0533  :8190 [official]
[23:50:57] 等待剩余任务完成...
[23:51:39] ━━━ 汇总结果 ━━━
[23:51:39] PASS CVE-2014-8799    
[23:51:39] PASS CVE-2015-2755    
[23:51:39] PASS CVE-2021-24340    
[23:51:39] FAIL CVE-2021-24731
[23:51:39] FAIL CVE-2021-25052
[23:51:39] FAIL CVE-2022-0148
[23:51:39] PASS CVE-2022-0169    
[23:51:39] FAIL CVE-2022-0220
[23:51:39] FAIL CVE-2022-0250
[23:51:39] FAIL CVE-2022-0533

==================== 汇总 ====================
总计 10  |  PASS 4  FAIL 6  SKIP 0  ERROR 0
明细: /Users/zer0p0int/Desktop/wordpress漏洞环境自动化生成/logs/scan-20260630-234936/summary.txt
判定记录: /Users/zer0p0int/Desktop/wordpress漏洞环境自动化生成/logs/scan-20260630-234936/results.jsonl
原始 jsonl: /Users/zer0p0int/Desktop/wordpress漏洞环境自动化生成/logs/scan-20260630-234936/raw/
[23:51:39] 收到中断信号，清理已启动的容器...
[23:51:39]   已清理: CVE-2022-0250
