[16:24:09] nuclei: /Users/zer0p0int/工具/nuclei (v3.9.0)
[16:24:09] 日志目录: /Users/zer0p0int/Desktop/wordpress漏洞环境自动化生成/logs/scan-20260701-162405
[16:24:09] 本次共 1 个环境 | 并行度: 4 | 重试: 2次/5s间隔
[16:24:09] 预构建: 是 | 续跑: 是
[16:24:09] 续跑模式：跳过已 PASS 的 CVE
[16:24:09] ━━━ 预构建基础镜像 ━━━
[16:24:09] 预构建基础镜像 (1): /Users/zer0p0int/Desktop/wordpress漏洞环境自动化生成/vulhub-env/simple-file-list/CVE-2022-1119
[16:24:12] 预构建完成，共 1 个基础镜像
[16:24:12] ━━━ 开始并行测试 (4 并发) ━━━
[16:24:12] [########################] 100% (1/1)  CVE-2022-1119  :8137 [official]
[16:24:12] 等待剩余任务完成...
[16:24:57] ━━━ 汇总结果 ━━━
[16:24:57] PASS CVE-2022-1119    

==================== 汇总 ====================
总计 1  |  PASS 1  FAIL 0  SKIP 0  ERROR 0
明细: /Users/zer0p0int/Desktop/wordpress漏洞环境自动化生成/logs/scan-20260701-162405/summary.txt
判定记录: /Users/zer0p0int/Desktop/wordpress漏洞环境自动化生成/logs/scan-20260701-162405/results.jsonl
原始 jsonl: /Users/zer0p0int/Desktop/wordpress漏洞环境自动化生成/logs/scan-20260701-162405/raw/
[16:24:57] 收到中断信号，清理已启动的容器...
[16:24:57]   已清理: CVE-2022-1119
