[16:26:49] nuclei: /Users/zer0p0int/工具/nuclei (v3.9.0)
[16:26:49] 日志目录: /Users/zer0p0int/Desktop/wordpress漏洞环境自动化生成/logs/scan-20260701-162647
[16:26:49] 本次共 1 个环境 | 并行度: 4 | 重试: 2次/5s间隔
[16:26:49] 预构建: 是 | 续跑: 是
[16:26:49] 续跑模式：跳过已 PASS 的 CVE
[16:26:49] ━━━ 预构建基础镜像 ━━━
[16:26:49] 预构建基础镜像 (1): /Users/zer0p0int/Desktop/wordpress漏洞环境自动化生成/vulhub-env/base/mapsvg/6.2.19
[16:27:06]   WARN: 预构建失败，运行时将自动构建
[16:27:06] 预构建完成，共 1 个基础镜像
[16:27:06] ━━━ 开始并行测试 (4 并发) ━━━
[16:27:06] [########################] 100% (1/1)  CVE-2022-0592  :8192 [official]
[16:27:06] 等待剩余任务完成...
[16:27:09] ━━━ 汇总结果 ━━━
[16:27:09] ERROR CVE-2022-0592 ()

==================== 汇总 ====================
总计 1  |  PASS 0  FAIL 0  SKIP 0  ERROR 1
明细: /Users/zer0p0int/Desktop/wordpress漏洞环境自动化生成/logs/scan-20260701-162647/summary.txt
判定记录: /Users/zer0p0int/Desktop/wordpress漏洞环境自动化生成/logs/scan-20260701-162647/results.jsonl
原始 jsonl: /Users/zer0p0int/Desktop/wordpress漏洞环境自动化生成/logs/scan-20260701-162647/raw/
[16:27:09] 收到中断信号，清理已启动的容器...
[16:27:10]   已清理: CVE-2022-0592
