[16:23:08] nuclei: /Users/zer0p0int/工具/nuclei (v3.9.0)
[16:23:08] 日志目录: /Users/zer0p0int/Desktop/wordpress漏洞环境自动化生成/logs/scan-20260701-162305
[16:23:08] 本次共 1 个环境 | 并行度: 4 | 重试: 2次/5s间隔
[16:23:08] 预构建: 是 | 续跑: 是
[16:23:08] 续跑模式：跳过已 PASS 的 CVE
[16:23:08] ━━━ 预构建基础镜像 ━━━
[16:23:08] 预构建基础镜像 (1): /Users/zer0p0int/Desktop/wordpress漏洞环境自动化生成/vulhub-env/miniorange-limit-login-attempts/CVE-2022-1029
[16:23:09] 预构建完成，共 1 个基础镜像
[16:23:10] ━━━ 开始并行测试 (4 并发) ━━━
[16:23:10] [########################] 100% (1/1)  CVE-2022-1029  :8197 [official]
[16:23:10] 等待剩余任务完成...
[16:23:24] ━━━ 汇总结果 ━━━
[16:23:24] PASS CVE-2022-1029    

==================== 汇总 ====================
总计 1  |  PASS 1  FAIL 0  SKIP 0  ERROR 0
明细: /Users/zer0p0int/Desktop/wordpress漏洞环境自动化生成/logs/scan-20260701-162305/summary.txt
判定记录: /Users/zer0p0int/Desktop/wordpress漏洞环境自动化生成/logs/scan-20260701-162305/results.jsonl
原始 jsonl: /Users/zer0p0int/Desktop/wordpress漏洞环境自动化生成/logs/scan-20260701-162305/raw/
[16:23:25] 收到中断信号，清理已启动的容器...
[16:23:42]   已清理: CVE-2022-1029
