[16:20:17] nuclei: /Users/zer0p0int/工具/nuclei (v3.9.0)
[16:20:17] 日志目录: /Users/zer0p0int/Desktop/wordpress漏洞环境自动化生成/logs/scan-20260701-162015
[16:20:17] 本次共 1 个环境 | 并行度: 4 | 重试: 2次/5s间隔
[16:20:17] 预构建: 是 | 续跑: 是
[16:20:17] 续跑模式：跳过已 PASS 的 CVE
[16:20:17] ━━━ 预构建基础镜像 ━━━
[16:20:17] 预构建基础镜像 (1): /Users/zer0p0int/Desktop/wordpress漏洞环境自动化生成/vulhub-env/simple-file-list/CVE-2022-1119
[16:20:18] 预构建完成，共 1 个基础镜像
[16:20:18] ━━━ 开始并行测试 (4 并发) ━━━
[16:20:18] [########################] 100% (1/1)  CVE-2022-1119  :8137 [official]
[16:20:18] 等待剩余任务完成...
[16:21:04] ━━━ 汇总结果 ━━━
[16:21:04] FAIL CVE-2022-1119

==================== 汇总 ====================
总计 1  |  PASS 0  FAIL 1  SKIP 0  ERROR 0
明细: /Users/zer0p0int/Desktop/wordpress漏洞环境自动化生成/logs/scan-20260701-162015/summary.txt
判定记录: /Users/zer0p0int/Desktop/wordpress漏洞环境自动化生成/logs/scan-20260701-162015/results.jsonl
原始 jsonl: /Users/zer0p0int/Desktop/wordpress漏洞环境自动化生成/logs/scan-20260701-162015/raw/
[16:21:04] 收到中断信号，清理已启动的容器...
[16:21:05]   已清理: CVE-2022-1119
